[2026-04-24T16:00:41Z] [INFO] ✅ Checklist 项 A.1.D.26 已标记为完成
[2026-04-24T16:00:41Z] [INFO] 当前状态: Phase=A Task=A.1 Status=in_progress 已完成=0
[2026-04-24T16:00:41Z] [INFO] ✅ Checklist 项 A.1.D.27 已标记为完成
[2026-04-24T16:00:41Z] [INFO] 当前状态: Phase=A Task=A.1 Status=in_progress 已完成=0
[2026-04-24T16:00:41Z] [INFO] ✅ Checklist 项 A.1.D.28 已标记为完成
[2026-04-24T16:00:41Z] [INFO] 当前状态: Phase=A Task=A.1 Status=in_progress 已完成=0
[2026-04-24T16:00:41Z] [INFO] ✅ Checklist 项 A.1.D.29 已标记为完成
[2026-04-24T16:00:41Z] [INFO] 当前状态: Phase=A Task=A.1 Status=in_progress 已完成=0
[2026-04-24T16:01:43Z] [INFO] ✅ Checklist 项 A.1.D.30 已标记为完成
[2026-04-24T16:01:43Z] [INFO] 当前状态: Phase=A Task=A.1 Status=in_progress 已完成=0
[2026-04-24T16:02:25Z] [INFO] ✅ Checklist 项 A.1.D.31 已标记为完成
[2026-04-24T16:02:25Z] [INFO] 当前状态: Phase=A Task=A.1 Status=in_progress 已完成=0
[2026-04-24T16:02:36Z] [INFO] ✅ Checklist 项 R.01 已标记为完成
[2026-04-24T16:02:36Z] [INFO] 当前状态: Phase=A Task=A.1 Status=in_progress 已完成=0
[2026-04-24T16:02:36Z] [INFO] ✅ Checklist 项 R.02 已标记为完成
[2026-04-24T16:02:36Z] [INFO] 当前状态: Phase=A Task=A.1 Status=in_progress 已完成=0
[2026-04-24T16:02:36Z] [INFO] ✅ Checklist 项 R.03 已标记为完成
[2026-04-24T16:02:36Z] [INFO] 当前状态: Phase=A Task=A.1 Status=in_progress 已完成=0
[2026-04-24T16:02:36Z] [INFO] ✅ Checklist 项 R.04 已标记为完成
[2026-04-24T16:02:36Z] [INFO] 当前状态: Phase=A Task=A.1 Status=in_progress 已完成=0
[2026-04-24T16:02:36Z] [INFO] ✅ Checklist 项 R.05 已标记为完成
[2026-04-24T16:02:36Z] [INFO] 当前状态: Phase=A Task=A.1 Status=in_progress 已完成=0
[2026-04-24T16:02:36Z] [INFO] ✅ Checklist 项 R.06 已标记为完成
[2026-04-24T16:02:36Z] [INFO] 当前状态: Phase=A Task=A.1 Status=in_progress 已完成=0
[2026-04-24T16:02:36Z] [INFO] ✅ Checklist 项 R.07 已标记为完成
[2026-04-24T16:02:36Z] [INFO] 当前状态: Phase=A Task=A.1 Status=in_progress 已完成=0
[2026-04-24T16:02:36Z] [INFO] ✅ Checklist 项 R.08 已标记为完成
[2026-04-24T16:02:36Z] [INFO] 当前状态: Phase=A Task=A.1 Status=in_progress 已完成=0
[2026-04-24T16:02:36Z] [INFO] ✅ Checklist 项 R.09 已标记为完成
[2026-04-24T16:02:36Z] [INFO] 当前状态: Phase=A Task=A.1 Status=in_progress 已完成=0
[2026-04-24T16:02:36Z] [INFO] ✅ Checklist 项 R.10 已标记为完成
[2026-04-24T16:02:36Z] [INFO] 当前状态: Phase=A Task=A.1 Status=in_progress 已完成=0
[2026-04-24T16:02:37Z] [INFO] ✅ Checklist 项 R.11 已标记为完成
[2026-04-24T16:02:37Z] [INFO] 当前状态: Phase=A Task=A.1 Status=in_progress 已完成=0
[2026-04-24T16:02:37Z] [INFO] ✅ Checklist 项 R.12 已标记为完成
[2026-04-24T16:02:37Z] [INFO] 当前状态: Phase=A Task=A.1 Status=in_progress 已完成=0
[2026-04-24T16:02:37Z] [INFO] ✅ Checklist 项 R.13 已标记为完成
[2026-04-24T16:02:37Z] [INFO] 当前状态: Phase=A Task=A.1 Status=in_progress 已完成=0
[2026-04-24T16:02:37Z] [INFO] ✅ Checklist 项 R.14 已标记为完成
[2026-04-24T16:02:37Z] [INFO] 当前状态: Phase=A Task=A.1 Status=in_progress 已完成=0
[2026-04-24T16:02:37Z] [INFO] ✅ Checklist 项 R.15 已标记为完成
[2026-04-24T16:02:37Z] [INFO] 当前状态: Phase=A Task=A.1 Status=in_progress 已完成=0
[2026-04-24T16:02:37Z] [INFO] ✅ Checklist 项 R.16 已标记为完成
[2026-04-24T16:02:37Z] [INFO] 当前状态: Phase=A Task=A.1 Status=in_progress 已完成=0
[2026-04-24T16:02:37Z] [INFO] ✅ Checklist 项 R.17 已标记为完成
[2026-04-24T16:02:37Z] [INFO] 当前状态: Phase=A Task=A.1 Status=in_progress 已完成=0
[2026-04-24T16:02:37Z] [INFO] ✅ Checklist 项 R.18 已标记为完成
[2026-04-24T16:02:37Z] [INFO] 当前状态: Phase=A Task=A.1 Status=in_progress 已完成=0
[2026-04-24T16:02:37Z] [INFO] ✅ Checklist 项 R.19 已标记为完成
[2026-04-24T16:02:37Z] [INFO] 当前状态: Phase=A Task=A.1 Status=in_progress 已完成=0
[2026-04-24T16:02:37Z] [INFO] ✅ Checklist 项 R.20 已标记为完成
[2026-04-24T16:02:37Z] [INFO] 当前状态: Phase=A Task=A.1 Status=in_progress 已完成=0
[2026-04-24T16:02:38Z] [INFO] ✅ Checklist 项 R.21 已标记为完成
[2026-04-24T16:02:38Z] [INFO] 当前状态: Phase=A Task=A.1 Status=in_progress 已完成=0
[2026-04-24T16:02:38Z] [INFO] ✅ Checklist 项 R.22 已标记为完成
[2026-04-24T16:02:38Z] [INFO] 当前状态: Phase=A Task=A.1 Status=in_progress 已完成=0
[2026-04-24T16:02:38Z] [INFO] ✅ Checklist 项 R.23 已标记为完成
[2026-04-24T16:02:38Z] [INFO] 当前状态: Phase=A Task=A.1 Status=in_progress 已完成=0
[2026-04-24T16:02:38Z] [INFO] ✅ Checklist 项 R.24 已标记为完成
[2026-04-24T16:02:38Z] [INFO] 当前状态: Phase=A Task=A.1 Status=in_progress 已完成=0
[2026-04-24T16:02:38Z] [INFO] ✅ Checklist 项 R.25 已标记为完成
[2026-04-24T16:02:38Z] [INFO] 当前状态: Phase=A Task=A.1 Status=in_progress 已完成=0
[2026-04-24T16:02:48Z] [INFO] === 标记任务完成: A.1 ===
[2026-04-24T16:02:48Z] [INFO] 当前状态: Phase=A Task=A.1 Status=in_progress 已完成=0
[2026-04-24T16:02:48Z] [INFO] 验证开发 checklist 完成情况...
[2026-04-24T16:02:48Z] [INFO] ✅ DEV Checklist 全部完成: 31/31
[2026-04-24T16:02:48Z] [INFO] 验证审查 checklist 完成情况...
[2026-04-24T16:02:48Z] [INFO] ✅ REVIEW Checklist 全部完成: 25/25
[2026-04-24T16:02:48Z] [INFO] ✅ Task A.1 完成！推进到 Task A.1.1
[2026-04-24T16:02:48Z] [INFO] 📋 下一个任务: A.1.1 - IRContext + BumpPtrAllocator 内存管理
[2026-04-24T16:02:48Z] [INFO] 📖 参考文档: docs/plan/多前端后端重构方案/11-AI-Coder-任务流-PhaseA.md
[2026-04-24T16:03:45Z] [INFO] === 标记任务开始: A.1.1 ===
[2026-04-24T16:03:45Z] [INFO] 当前状态: Phase=A Task=A.1.1 Status=pending 已完成=1
[2026-04-24T16:03:45Z] [INFO] 生成开发 checklist: Task A.1.1
[2026-04-24T16:03:45Z] [INFO] 开发 checklist 已生成: refactor_checklists/dev_A.1.1.json (16 项)
[2026-04-24T16:03:45Z] [INFO] 生成审查 checklist: Task A.1.1
[2026-04-24T16:03:45Z] [INFO] 审查 checklist 已生成: refactor_checklists/review_A.1.1.json (25 项)
[2026-04-24T16:03:45Z] [INFO] 任务 A.1.1 已标记为 in_progress
[2026-04-24T16:03:45Z] [INFO] ⚠️  请按照开发 checklist 逐项执行，每完成一项使用 check <id> 标记
[2026-04-24T16:03:58Z] [INFO] ✅ Checklist 项 A.1.1.D.01 已标记为完成
[2026-04-24T16:03:58Z] [INFO] 当前状态: Phase=A Task=A.1.1 Status=in_progress 已完成=1
[2026-04-24T16:03:58Z] [INFO] ✅ Checklist 项 A.1.1.D.02 已标记为完成
[2026-04-24T16:03:58Z] [INFO] 当前状态: Phase=A Task=A.1.1 Status=in_progress 已完成=1
[2026-04-24T16:05:44Z] [INFO] ✅ Checklist 项 A.1.1.D.03 已标记为完成
[2026-04-24T16:05:44Z] [INFO] 当前状态: Phase=A Task=A.1.1 Status=in_progress 已完成=1
[2026-04-24T16:05:44Z] [INFO] ✅ Checklist 项 A.1.1.D.04 已标记为完成
[2026-04-24T16:05:44Z] [INFO] 当前状态: Phase=A Task=A.1.1 Status=in_progress 已完成=1
[2026-04-24T16:05:44Z] [INFO] ✅ Checklist 项 A.1.1.D.05 已标记为完成
[2026-04-24T16:05:44Z] [INFO] 当前状态: Phase=A Task=A.1.1 Status=in_progress 已完成=1
[2026-04-24T16:05:44Z] [INFO] ✅ Checklist 项 A.1.1.D.06 已标记为完成
[2026-04-24T16:05:44Z] [INFO] 当前状态: Phase=A Task=A.1.1 Status=in_progress 已完成=1
[2026-04-24T16:05:44Z] [INFO] ✅ Checklist 项 A.1.1.D.07 已标记为完成
[2026-04-24T16:05:44Z] [INFO] 当前状态: Phase=A Task=A.1.1 Status=in_progress 已完成=1
[2026-04-24T16:05:44Z] [INFO] ✅ Checklist 项 A.1.1.D.08 已标记为完成
[2026-04-24T16:05:44Z] [INFO] 当前状态: Phase=A Task=A.1.1 Status=in_progress 已完成=1
[2026-04-24T16:05:44Z] [INFO] ✅ Checklist 项 A.1.1.D.09 已标记为完成
[2026-04-24T16:05:44Z] [INFO] 当前状态: Phase=A Task=A.1.1 Status=in_progress 已完成=1
[2026-04-24T16:05:44Z] [INFO] ✅ Checklist 项 A.1.1.D.10 已标记为完成
[2026-04-24T16:05:45Z] [INFO] 当前状态: Phase=A Task=A.1.1 Status=in_progress 已完成=1
[2026-04-24T16:05:45Z] [INFO] ✅ Checklist 项 A.1.1.D.11 已标记为完成
[2026-04-24T16:05:45Z] [INFO] 当前状态: Phase=A Task=A.1.1 Status=in_progress 已完成=1
[2026-04-24T16:05:45Z] [INFO] ✅ Checklist 项 A.1.1.D.12 已标记为完成
[2026-04-24T16:05:45Z] [INFO] 当前状态: Phase=A Task=A.1.1 Status=in_progress 已完成=1
[2026-04-24T16:05:45Z] [INFO] ✅ Checklist 项 A.1.1.D.13 已标记为完成
[2026-04-24T16:05:45Z] [INFO] 当前状态: Phase=A Task=A.1.1 Status=in_progress 已完成=1
[2026-04-24T16:05:45Z] [INFO] ✅ Checklist 项 A.1.1.D.14 已标记为完成
[2026-04-24T16:05:45Z] [INFO] 当前状态: Phase=A Task=A.1.1 Status=in_progress 已完成=1
[2026-04-24T16:05:45Z] [INFO] ✅ Checklist 项 A.1.1.D.15 已标记为完成
[2026-04-24T16:05:45Z] [INFO] 当前状态: Phase=A Task=A.1.1 Status=in_progress 已完成=1
[2026-04-24T16:05:45Z] [INFO] ✅ Checklist 项 A.1.1.D.16 已标记为完成
[2026-04-24T16:05:45Z] [INFO] 当前状态: Phase=A Task=A.1.1 Status=in_progress 已完成=1
[2026-04-24T16:05:52Z] [INFO] ✅ Checklist 项 R.01 已标记为完成
[2026-04-24T16:05:52Z] [INFO] 当前状态: Phase=A Task=A.1.1 Status=in_progress 已完成=1
[2026-04-24T16:05:52Z] [INFO] ✅ Checklist 项 R.02 已标记为完成
[2026-04-24T16:05:52Z] [INFO] 当前状态: Phase=A Task=A.1.1 Status=in_progress 已完成=1
[2026-04-24T16:05:52Z] [INFO] ✅ Checklist 项 R.03 已标记为完成
[2026-04-24T16:05:52Z] [INFO] 当前状态: Phase=A Task=A.1.1 Status=in_progress 已完成=1
[2026-04-24T16:05:52Z] [INFO] ✅ Checklist 项 R.04 已标记为完成
[2026-04-24T16:05:52Z] [INFO] 当前状态: Phase=A Task=A.1.1 Status=in_progress 已完成=1
[2026-04-24T16:05:52Z] [INFO] ✅ Checklist 项 R.05 已标记为完成
[2026-04-24T16:05:52Z] [INFO] 当前状态: Phase=A Task=A.1.1 Status=in_progress 已完成=1
[2026-04-24T16:05:52Z] [INFO] ✅ Checklist 项 R.06 已标记为完成
[2026-04-24T16:05:52Z] [INFO] 当前状态: Phase=A Task=A.1.1 Status=in_progress 已完成=1
[2026-04-24T16:05:52Z] [INFO] ✅ Checklist 项 R.07 已标记为完成
[2026-04-24T16:05:52Z] [INFO] 当前状态: Phase=A Task=A.1.1 Status=in_progress 已完成=1
[2026-04-24T16:05:52Z] [INFO] ✅ Checklist 项 R.08 已标记为完成
[2026-04-24T16:05:52Z] [INFO] 当前状态: Phase=A Task=A.1.1 Status=in_progress 已完成=1
[2026-04-24T16:05:52Z] [INFO] ✅ Checklist 项 R.09 已标记为完成
[2026-04-24T16:05:52Z] [INFO] 当前状态: Phase=A Task=A.1.1 Status=in_progress 已完成=1
[2026-04-24T16:05:52Z] [INFO] ✅ Checklist 项 R.10 已标记为完成
[2026-04-24T16:05:52Z] [INFO] 当前状态: Phase=A Task=A.1.1 Status=in_progress 已完成=1
[2026-04-24T16:05:53Z] [INFO] ✅ Checklist 项 R.11 已标记为完成
[2026-04-24T16:05:53Z] [INFO] 当前状态: Phase=A Task=A.1.1 Status=in_progress 已完成=1
[2026-04-24T16:05:53Z] [INFO] ✅ Checklist 项 R.12 已标记为完成
[2026-04-24T16:05:53Z] [INFO] 当前状态: Phase=A Task=A.1.1 Status=in_progress 已完成=1
[2026-04-24T16:05:53Z] [INFO] ✅ Checklist 项 R.13 已标记为完成
[2026-04-24T16:05:53Z] [INFO] 当前状态: Phase=A Task=A.1.1 Status=in_progress 已完成=1
[2026-04-24T16:05:53Z] [INFO] ✅ Checklist 项 R.14 已标记为完成
[2026-04-24T16:05:53Z] [INFO] 当前状态: Phase=A Task=A.1.1 Status=in_progress 已完成=1
[2026-04-24T16:05:53Z] [INFO] ✅ Checklist 项 R.15 已标记为完成
[2026-04-24T16:05:53Z] [INFO] 当前状态: Phase=A Task=A.1.1 Status=in_progress 已完成=1
[2026-04-24T16:05:53Z] [INFO] ✅ Checklist 项 R.16 已标记为完成
[2026-04-24T16:05:53Z] [INFO] 当前状态: Phase=A Task=A.1.1 Status=in_progress 已完成=1
[2026-04-24T16:05:53Z] [INFO] ✅ Checklist 项 R.17 已标记为完成
[2026-04-24T16:05:53Z] [INFO] 当前状态: Phase=A Task=A.1.1 Status=in_progress 已完成=1
[2026-04-24T16:05:53Z] [INFO] ✅ Checklist 项 R.18 已标记为完成
[2026-04-24T16:05:53Z] [INFO] 当前状态: Phase=A Task=A.1.1 Status=in_progress 已完成=1
[2026-04-24T16:05:53Z] [INFO] ✅ Checklist 项 R.19 已标记为完成
[2026-04-24T16:05:53Z] [INFO] 当前状态: Phase=A Task=A.1.1 Status=in_progress 已完成=1
[2026-04-24T16:05:53Z] [INFO] ✅ Checklist 项 R.20 已标记为完成
[2026-04-24T16:05:53Z] [INFO] 当前状态: Phase=A Task=A.1.1 Status=in_progress 已完成=1
[2026-04-24T16:05:54Z] [INFO] ✅ Checklist 项 R.21 已标记为完成
[2026-04-24T16:05:54Z] [INFO] 当前状态: Phase=A Task=A.1.1 Status=in_progress 已完成=1
[2026-04-24T16:05:54Z] [INFO] ✅ Checklist 项 R.22 已标记为完成
[2026-04-24T16:05:54Z] [INFO] 当前状态: Phase=A Task=A.1.1 Status=in_progress 已完成=1
[2026-04-24T16:05:54Z] [INFO] ✅ Checklist 项 R.23 已标记为完成
[2026-04-24T16:05:54Z] [INFO] 当前状态: Phase=A Task=A.1.1 Status=in_progress 已完成=1
[2026-04-24T16:05:54Z] [INFO] ✅ Checklist 项 R.24 已标记为完成
[2026-04-24T16:05:54Z] [INFO] 当前状态: Phase=A Task=A.1.1 Status=in_progress 已完成=1
[2026-04-24T16:05:54Z] [INFO] ✅ Checklist 项 R.25 已标记为完成
[2026-04-24T16:05:54Z] [INFO] 当前状态: Phase=A Task=A.1.1 Status=in_progress 已完成=1
